  CLASS_ADMIN.cpp
  CLASS_CAR_RENTAL_SYSTEM.cpp
D:\VADIM\visual\Kursovoi_Project\CLASS_CAR_RENTAL_SYSTEM.cpp(226,15): warning C4267: инициализация: преобразование из "size_t" в "int"; возможна потеря данных
  D:\VADIM\visual\Kursovoi_Project\CLASS_CAR_RENTAL_SYSTEM.cpp(226,15):
  контекст создания экземпляра шаблона (сначала самый старый)
  	D:\VADIM\visual\Kursovoi_Project\CLASS_CAR_RENTAL_SYSTEM.cpp(628,13):
  	выполняется компиляция ссылки на экземпляр шаблон функции "void CarRentalSystem::handleVehiclesMenu<Car>(List<Car> &,int)"
  	D:\VADIM\visual\Kursovoi_Project\CLASS_CAR_RENTAL_SYSTEM.cpp(189,12):
  	выполняется компиляция ссылки на экземпляр шаблон функции "void CarRentalSystem::addVehicle<Car>(List<Car> &,int)"
  
  CLASS_FILEMANAGER.cpp
D:\VADIM\visual\Kursovoi_Project\CLASS_FILEMANAGER.cpp(248,38): warning C4244: аргумент: преобразование "double" в "int", возможна потеря данных
  CLASS_HISTORY.cpp
  CLASS_MOTOBIKE.cpp
  CLASS_PERSON.cpp
  CLASS_RentalRequest.cpp
D:\VADIM\visual\Kursovoi_Project\CLASS_RentalRequest.cpp(44,12): warning C4244: return: преобразование "const double" в "int", возможна потеря данных
  CLASS_TRUCK.cpp
  CLASS_USER.cpp
  Kursovoi_Project.cpp
  Создание кода...
  Kursovoi_Project.vcxproj -> D:\VADIM\visual\Kursovoi_Project\x64\Debug\Kursovoi_Project.exe
